<?xml version="1.0" encoding="UTF-8"?>
<testsuite name="Add Category" tests="1" skipped="0" failures="0" errors="0" timestamp="2021-02-03T20:07:37" hostname="DESKTOP-PAAGGPT" time="24.597">
  <properties/>
  <testcase name="Add Post" classname="Add Category" time="24.597"/>
  <system-out><![CDATA[













































]]></system-out>
  <system-err><![CDATA[Starting ChromeDriver 87.0.4280.88 (89e2380a3e36c3464b5dd1302349b1382549290d-refs/branch-heads/4280@{#1761}) on port 41294
Only local connections are allowed.
Please see https://chromedriver.chromium.org/security-considerations for suggestions on keeping ChromeDriver safe.
ChromeDriver was started successfully.
[1612382859.779][WARNING]: This version of ChromeDriver has not been tested with Chrome version 88.
feb 03, 2021 3:07:41 PM org.openqa.selenium.remote.ProtocolHandshake createSession
INFORMACIÓN: Detected dialect: W3C
]]></system-err>
</testsuite>
