<?xml version="1.0" encoding="UTF-8"?><testsuite errors="0" failures="1" name="Add Category" skipped="0" tests="1" time="33.71" timestamp="2021-01-19 06:12:00"><testcase name="Add Post"><failure message="Expected enabled element was not enabled" type="net.thucydides.core.webdriver.exceptions.ElementShouldBeEnabledException">Expected enabled element was not enabled</failure><system-err>Expected enabled element was not enabled&#13;
co.com.phptravels.test.tasks.NewPost.performAs(NewPost.java:47)&#13;
co.com.phptravels.test.stepdefinitions.AddPostStepDefinition.heCreateANewPost(AddPostStepDefinition.java:18)&#13;
cucumber.runner.Runner.runPickle(Runner.java:80)&#13;
</system-err></testcase></testsuite>